[11:53:22.878] [INFO] storybook v10.2.7
[11:53:23.261] [DEBUG] Getting package.json info for /Users/eiriklillebo/work/code/fdk-frontend/package.json...
[11:53:23.271] [WARN] Could not resolve addon "@storybook/addon-essentials", skipping. Is it installed?
[11:53:23.308] [WARN] Could not resolve addon "@storybook/addon-essentials", skipping. Is it installed?
[11:53:23.622] [INFO] Starting...
[11:53:23.640] [WARN] unable to find package.json for @digdir/designsystemet-css
[11:53:23.641] [WARN] unable to find package.json for @digdir/designsystemet-theme
[11:53:23.672] [WARN] No story files found for the specified pattern: src/app/**/*.@(mdx|stories.@(js|jsx|ts|tsx))
[11:53:23.877] [DEBUG] Starting preview..
[11:53:23.942] [DEBUG] Using tsconfig paths for react-docgen
[11:53:23.962] [ERROR] Failed to build the preview
[11:53:23.963] [ERROR] [38;2;241;97;97mReferenceError: __dirname is not defined[39m
    at Object.viteFinal (file://./.storybook/main.ts:43:39)
    at file:///Users/eiriklillebo/work/code/fdk-frontend/node_modules/storybook/dist/_node-chunks/chunk-JBMAY2U2.js:10114:36
    at async createViteServer (file:///Users/eiriklillebo/work/code/fdk-frontend/node_modules/@storybook/builder-vite/dist/index.js:1898:21)
    at async Module.start (file:///Users/eiriklillebo/work/code/fdk-frontend/node_modules/@storybook/builder-vite/dist/index.js:1923:17)
    at async storybookDevServer (file:///Users/eiriklillebo/work/code/fdk-frontend/node_modules/storybook/dist/core-server/index.js:7207:83)
    at async buildOrThrow (file:///Users/eiriklillebo/work/code/fdk-frontend/node_modules/storybook/dist/core-server/index.js:4504:12)
    at async buildDevStandalone (file:///Users/eiriklillebo/work/code/fdk-frontend/node_modules/storybook/dist/core-server/index.js:7577:66)
    at async withTelemetry (file:///Users/eiriklillebo/work/code/fdk-frontend/node_modules/storybook/dist/_node-chunks/chunk-TQNBPEAH.js:218:12)
    at async dev (file:///Users/eiriklillebo/work/code/fdk-frontend/node_modules/storybook/dist/bin/core.js:2734:3)
    at async _Command.<anonymous> (file:///Users/eiriklillebo/work/code/fdk-frontend/node_modules/storybook/dist/bin/core.js:2803:92)
[11:53:23.965] [WARN] Broken build, fix the error above.
You may need to refresh the browser.
[11:53:23.967] [WARN] Could not resolve addon "@storybook/addon-essentials", skipping. Is it installed?